<!DOCTYPE html PUBLIC "-//W3C//DTD XHTML 1.1//EN" "https://www.w3.org/TR/xhtml11/DTD/xhtml11.dtd">
<html xmlns="https://www.w3.org/1999/xhtml">
<head>
<meta charset='utf-8'>
<title>TestNG Report</title>
<style type="text/css">
table {margin-bottom:10px;border-collapse:collapse;empty-cells:show}
td,th {border:1px solid #009;padding:.25em .5em}
.result th {vertical-align:bottom}
.param th {padding-left:1em;padding-right:1em}
.param td {padding-left:.5em;padding-right:2em}
.stripe td,.stripe th {background-color: #E6EBF9}
.numi,.numi_attn {text-align:right}
.total td {font-weight:bold}
.passedodd td {background-color: #0A0}
.passedeven td {background-color: #3F3}
.skippedodd td {background-color: #CCC}
.skippedodd td {background-color: #DDD}
.failedodd td,.numi_attn {background-color: #F33}
.failedeven td,.stripe .numi_attn {background-color: #D00}
.stacktrace {white-space:pre;font-family:monospace}
.totop {font-size:85%;text-align:center;border-bottom:2px solid #000}
</style>
</head>
<body>
<table cellspacing="0" cellpadding="0" class="testOverview">
<tr><th>Test</th><th>Methods<br/>Passed</th><th>Scenarios<br/>Passed</th><th># skipped</th><th># failed</th><th>Total<br/>Time</th><th>Included<br/>Groups</th><th>Excluded<br/>Groups</th></tr>
<tr><td style="text-align:left;padding-right:2em"><a href="#t1">Sample</a></td><td class="numi">28</td><td class="numi">28</td><td class="numi">0</td><td class="numi_attn">4</td><td class="numi">1,011.8 seconds</td><td class="numi"></td><td class="numi"></td></tr>
</table>
<table cellspacing="0" cellpadding="0" class="methodOverview" id="summary">
<tr><th>Class</th><th>Method</th><th># of<br/>Scenarios</th><th>Start</th><th>Time<br/>(ms)</th></tr>
<tr id="t1"><th colspan="5">Sample &#8212; failed</th></tr>
<tr class="failedodd"><td>com.buffalocart.test.AddUserPageTest</td><td><a href="#m1"><b>Verify_user_login_with_Newly_Added_User</b> (Regression) ("TC_014_Verify_user_login_with_Newly_Added_User")</a></td><td class="numi">1</td><td>1651828207442</td><td class="numi">26337</td></tr>
<tr class="failedeven"><td>com.buffalocart.test.UpdateSalesCommissionAgentsPageTest</td><td><a href="#m2"><b>Verify_User_Can_Delete_a_Sales_Commission_Agents</b> (Regression) ("TC_031_Verify_User_Can_Delete_a_Sales_Commission_Agents")</a></td><td class="numi">1</td><td>1651828780055</td><td class="numi">15548</td></tr>
<tr class="failedodd"><td>com.buffalocart.test.AddRolesPageTest</td><td><a href="#m3"><b>Verify_User_can_Add_Roles</b> (Regression) ("TC_019_Verify_User_can_Add_Roles")</a></td><td class="numi">1</td><td>1651828517399</td><td class="numi">22063</td></tr>
<tr class="failedeven"><td>com.buffalocart.test.DeleteRolePageTest</td><td><a href="#m4"><b>Verify_User_Can_Delete_a_role_From_the_List</b> (Regression) ("TC_026_Verify_User_Can_Delete_a_role_From_the_List")</a></td><td class="numi">1</td><td>1651828652303</td><td class="numi">24869</td></tr>
<tr><th colspan="5">Sample &#8212; passed</th></tr>
<tr class="passedodd"><td>com.buffalocart.test.UserPageTest</td><td><a href="#m5"><b>verify_Users_Page_Title</b> (Regression) ("TC_0010_verify_Users_Page_Title")</a></td><td class="numi">1</td><td>1651828097839</td><td class="numi">13312</td></tr>
<tr class="passedeven"><td>com.buffalocart.test.AddSalesCommissionAgentPageTest</td><td><a href="#m6"><b>Verify_User_can_Add_Sales_Agent</b> (Regression) ("TC_029_Verify_User_can_Add_Sales_Agent")</a></td><td class="numi">1</td><td>1651828716718</td><td class="numi">15498</td></tr>
<tr class="passedodd"><td>com.buffalocart.test.MyAccountPageTest</td><td><a href="#m7"><b>Verify_The_Usermangement_Sub_Tabs</b> (Regression) ("TC_009_Verify_The_Usermangement_Sub_Tabs")</a></td><td class="numi">1</td><td>1651828074587</td><td class="numi">9020</td></tr>
<tr class="passedeven"><td>com.buffalocart.test.AddUserPageTest</td><td><a href="#m8"><b>Verify_Add_Users_page_title</b> (Regression) ("TC_015_Verify_Add_Users_page_title")</a></td><td class="numi">1</td><td>1651828247459</td><td class="numi">17584</td></tr>
<tr class="passedodd"><td>com.buffalocart.test.UpdateRolePageTest</td><td><a href="#m9"><b>Verify_User_Can_Update_a_Role</b> (Regression) ("TC_025_Verify_User_Can_Update_a_Role")</a></td><td class="numi">1</td><td>1651828595223</td><td class="numi">44356</td></tr>
<tr class="passedeven"><td rowspan="2">com.buffalocart.test.MyAccountPageTest</td><td><a href="#m10"><b>Verify_Whether_Useris_Navigatingto_Login_Pageby_Clickingon_Signout_Button</b> (Regression, Smoke) ("TC_008_Verify_Whether_Useris_Navigatingto_Login_Pageby_Clickingon_Signout_Button")</a></td><td class="numi">1</td><td>1651828051787</td><td class="numi">10519</td></tr><tr class="passedeven"><td><a href="#m11"><b>verify_Home_Page_Title</b> (Regression) ("TC_006_Verify Home Page Title")</a></td><td class="numi">1</td><td>1651828009691</td><td class="numi">8157</td></tr>
<tr class="passedodd"><td>com.buffalocart.test.UserPageTest</td><td><a href="#m12"><b>Verify_Message_Displayedby_User_Search_With_Invalid_Data</b> (Regression, Smoke) ("TC_011_Verify_User_Search_With_Valid_Data")</a></td><td class="numi">1</td><td>1651828148679</td><td class="numi">13827</td></tr>
<tr class="passedeven"><td>com.buffalocart.test.RolesPageTest</td><td><a href="#m13"><b>Verify_Whether_the_added_role_in_Role_Page_is_Listed_in_Roles_Field_in_user_add_page</b> (Regression) ("TC_027_Verify_Whether_the_added_role_in_Role_Page_is_Listed_in_Roles_Field_in_user_add_page")</a></td><td class="numi">1</td><td>1651828435935</td><td class="numi">35451</td></tr>
<tr class="passedodd"><td>com.buffalocart.test.AddRolesPageTest</td><td><a href="#m14"><b>Verify_Add_Roles_Page_Title</b> (Regression) ("TC_019_Verify_Add_Roles_Page_Title")</a></td><td class="numi">1</td><td>1651828484955</td><td class="numi">17852</td></tr>
<tr class="passedeven"><td>com.buffalocart.test.EditUserPageTest</td><td><a href="#m15"><b>Verify_Edit_User_page_Title</b> (Regression) ("TC_017_Verify_Edit_User_page_Title")</a></td><td class="numi">1</td><td>1651828310471</td><td class="numi">20069</td></tr>
<tr class="passedodd"><td>com.buffalocart.test.AddUserPageTest</td><td><a href="#m16"><b>Verify_User_can_Add_User_Details</b> (Regression, Smoke) ("TC_016_Verify_User_can_Add_User_Details")</a></td><td class="numi">1</td><td>1651828279423</td><td class="numi">17564</td></tr>
<tr class="passedeven"><td>com.buffalocart.test.EditUserPageTest</td><td><a href="#m17"><b>Verify_User_Can_Delete_a_User</b> (Regression) ("TC_019_Verify_User_Can_Delete_a_User")</a></td><td class="numi">1</td><td>1651828380351</td><td class="numi">20224</td></tr>
<tr class="passedodd"><td>com.buffalocart.test.UserPageTest</td><td><a href="#m18"><b>Verify_User_Search_With_Valid_Data</b> (Regression) ("TC_011_Verify_User_Search_With_Valid_Data")</a></td><td class="numi">1</td><td>1651828123371</td><td class="numi">13332</td></tr>
<tr class="passedeven"><td rowspan="2">com.buffalocart.test.LogInPageTest</td><td><a href="#m19"><b>verify_User_Error_Login_With_InValid_User_Credentials</b> (Regression) ("TC_003_Verify the error message displayed for user login with invalid credentials")</a></td><td class="numi">3</td><td>1651827924823</td><td class="numi">40778</td></tr><tr class="passedeven"><td><a href="#m20"><b>verify_User_Error_Login_With_InValid_User_Credentials</b> (Regression) ("TC_003_Verify the error message displayed for user login with invalid credentials")</a></td><td class="numi">3</td><td>1651827924823</td><td class="numi">40778</td></tr>
<tr class="passedodd"><td>com.buffalocart.test.AddUserPageTest</td><td><a href="#m21"><b>Verify_the_error_message_displayed_without_filling_mandatory_fields_in_add_user_form</b> (Regression) ("TC_013_Verify_the_error_message_displayed_without_filling_mandatory_fields_in_add_user_form")</a></td><td class="numi">1</td><td>1651828175347</td><td class="numi">19283</td></tr>
<tr class="passedeven"><td>com.buffalocart.test.UpdateSalesCommissionAgentsPageTest</td><td><a href="#m22"><b>Verify_Edit_Sales_Agent_Details</b> (Regression) ("TC_030_Verify_Edit_Sales_Agent_Details")</a></td><td class="numi">1</td><td>1651828747150</td><td class="numi">18725</td></tr>
<tr class="passedodd"><td>com.buffalocart.test.LogInPageTest</td><td><a href="#m23"><b>verify_Login_Page_Title</b> (Regression) ("TC_001_Verify Login Page Title")</a></td><td class="numi">1</td><td>1651827881059</td><td class="numi">3448</td></tr>
<tr class="passedeven"><td>com.buffalocart.test.MyAccountPageTest</td><td><a href="#m24"><b>Verify_Date_Displeyed_In_Home_Page</b> (Regression) ("TC_007_Verify_Date_Displeyed_In_Home_Page")</a></td><td class="numi">1</td><td>1651828029730</td><td class="numi">8942</td></tr>
<tr class="passedodd"><td>com.buffalocart.test.EditUserPageTest</td><td><a href="#m25"><b>Verify_User_can_Edit_the_user_Details</b> (Regression) ("TC_018_Verify_User_can_Edit_the_user_Details")</a></td><td class="numi">1</td><td>1651828341986</td><td class="numi">24285</td></tr>
<tr class="passedeven"><td>com.buffalocart.test.ResetPageTest</td><td><a href="#m26"><b>Verify_error_meesage_displyed_on_Reset_Password_page_with_invalid_email_id</b> (Sanity, Regression) ("TC_005_Verify error meesage displyed on  Reset Password page with invalid email id")</a></td><td class="numi">1</td><td>1651827992507</td><td class="numi">4494</td></tr>
<tr class="passedodd"><td>com.buffalocart.test.RolesPageTest</td><td><a href="#m27"><b>Verify_Roles_Page_Title</b> (Regression) ("TC_019_Verify_Roles_Page_Title")</a></td><td class="numi">1</td><td>1651828411663</td><td class="numi">12296</td></tr>
<tr class="passedeven"><td>com.buffalocart.test.LogInPageTest</td><td><a href="#m28"><b>verify_User_RememberMe_Checkbox_clickable</b> (Regression) ("TC_004_Verify Remember me' checkbox is Clickable")</a></td><td class="numi">1</td><td>1651827979511</td><td class="numi">272</td></tr>
<tr class="passedodd"><td>com.buffalocart.test.SalesCommissionAgentPageTest</td><td><a href="#m29"><b>Verify_Sales_Commission_Agents_page_Title</b> (Regression) ("TC_028_Verify_Sales_Commission_Agents_page_Title")</a></td><td class="numi">1</td><td>1651828690811</td><td class="numi">12936</td></tr>
<tr class="passedeven"><td rowspan="2">com.buffalocart.test.LogInPageTest</td><td><a href="#m30"><b>verify_User_Error_Login_With_InValid_User_Credentials</b> (Regression) ("TC_003_Verify the error message displayed for user login with invalid credentials")</a></td><td class="numi">3</td><td>1651827924823</td><td class="numi">40778</td></tr><tr class="passedeven"><td><a href="#m31"><b>verify_User_Login_With_Valid_User_Credentials</b> (Regression, Smoke) ("TC_002_Verify Login with valid user credentials")</a></td><td class="numi">1</td><td>1651827899610</td><td class="numi">9298</td></tr>
<tr class="passedodd"><td>com.buffalocart.test.UpdateRolePageTest</td><td><a href="#m32"><b>Verify_Edit_Role_Page_Title</b> (Regression) ("TC_024_Verify_Edit_Role_Page_Title")</a></td><td class="numi">1</td><td>1651828552746</td><td class="numi">28704</td></tr>
</table>
<h1>Sample</h1>
<h2 id="m1">com.buffalocart.test.DeleteRolePageTest:Verify_User_Can_Delete_a_role_From_the_List</h2>
<div>
<div class="stacktrace">java.lang.AssertionError: Role not updated expected [Role deleted successfully] but found [Role with the same name already exists]
	at com.buffalocart.test.DeleteRolePageTest.Verify_User_Can_Delete_a_role_From_the_List(DeleteRolePageTest.java:59)
	at java.util.ArrayList.forEach(ArrayList.java:1257)
	at com.intellij.rt.testng.IDEARemoteTestNG.run(IDEARemoteTestNG.java:66)
	at com.intellij.rt.testng.RemoteTestNGStarter.main(RemoteTestNGStarter.java:109)
... Removed 29 stack frames</div>
</div>
<p class="totop"><a href="#summary">back to summary</a></p>
<h2 id="m2">com.buffalocart.test.AddRolesPageTest:Verify_User_can_Add_Roles</h2>
<div>
<div class="stacktrace">java.lang.AssertionError: New roles not Added expected [Role added successfully] but found [Role with the same name already exists]
	at com.buffalocart.test.AddRolesPageTest.Verify_User_can_Add_Roles(AddRolesPageTest.java:87)
	at java.util.ArrayList.forEach(ArrayList.java:1257)
	at com.intellij.rt.testng.IDEARemoteTestNG.run(IDEARemoteTestNG.java:66)
	at com.intellij.rt.testng.RemoteTestNGStarter.main(RemoteTestNGStarter.java:109)
... Removed 29 stack frames</div>
</div>
<p class="totop"><a href="#summary">back to summary</a></p>
<h2 id="m3">com.buffalocart.test.AddUserPageTest:Verify_user_login_with_Newly_Added_User</h2>
<div>
<div class="stacktrace">org.openqa.selenium.ElementClickInterceptedException: element click intercepted: Element &lt;a href=&quot;#&quot; class=&quot;dropdown-toggle&quot; data-toggle=&quot;dropdown&quot;&gt;...&lt;/a&gt; is not clickable at point (1310, 25). Other element would receive the click: &lt;div class=&quot;toast toast-success&quot; aria-live=&quot;polite&quot; style=&quot;display: block;&quot;&gt;...&lt;/div&gt;
  (Session info: chrome=101.0.4951.54)
Build info: version: &apos;4.1.3&apos;, revision: &apos;7b1ebf28ef&apos;
System info: host: &apos;DESKTOP-18B12HC&apos;, ip: &apos;192.168.1.7&apos;, os.name: &apos;Windows 10&apos;, os.arch: &apos;amd64&apos;, os.version: &apos;10.0&apos;, java.version: &apos;1.8.0_202&apos;
Driver info: org.openqa.selenium.chrome.ChromeDriver
Command: [a92bbdbefbd301bbc3dd0b2dab8259c6, clickElement {id=2fcfea77-bdae-4a86-a035-209fbbaaf508}]
Capabilities {acceptInsecureCerts: false, browserName: chrome, browserVersion: 101.0.4951.54, chrome: {chromedriverVersion: 101.0.4951.41 (93c720db8323..., userDataDir: C:\Users\lenovo\AppData\Loc...}, goog:chromeOptions: {debuggerAddress: localhost:55893}, javascriptEnabled: true, networkConnectionEnabled: false, pageLoadStrategy: normal, platform: WINDOWS, platformName: WINDOWS, proxy: Proxy(), se:cdp: ws://localhost:55893/devtoo..., se:cdpVersion: 101.0.4951.54, setWindowRect: true, strictFileInteractability: false, timeouts: {implicit: 0, pageLoad: 300000, script: 30000}, unhandledPromptBehavior: dismiss and notify, webauthn:extension:credBlob: true, webauthn:extension:largeBlob: true, webauthn:virtualAuthenticators: true}
Element: [[ChromeDriver: chrome on WINDOWS (a92bbdbefbd301bbc3dd0b2dab8259c6)] -&gt; xpath: /html/body/div[2]/header/nav/div/ul/li[2]/a]
Session ID: a92bbdbefbd301bbc3dd0b2dab8259c6
	at org.openqa.selenium.remote.codec.w3c.W3CHttpResponseCodec.createException(W3CHttpResponseCodec.java:200)
	at org.openqa.selenium.remote.codec.w3c.W3CHttpResponseCodec.decode(W3CHttpResponseCodec.java:133)
	at org.openqa.selenium.remote.codec.w3c.W3CHttpResponseCodec.decode(W3CHttpResponseCodec.java:53)
	at org.openqa.selenium.remote.HttpCommandExecutor.execute(HttpCommandExecutor.java:184)
	at org.openqa.selenium.remote.service.DriverCommandExecutor.invokeExecute(DriverCommandExecutor.java:167)
	at org.openqa.selenium.remote.service.DriverCommandExecutor.execute(DriverCommandExecutor.java:142)
	at org.openqa.selenium.remote.RemoteWebDriver.execute(RemoteWebDriver.java:567)
	at org.openqa.selenium.remote.RemoteWebElement.execute(RemoteWebElement.java:251)
	at org.openqa.selenium.remote.RemoteWebElement.click(RemoteWebElement.java:77)
	at org.openqa.selenium.support.pagefactory.internal.LocatingElementHandler.invoke(LocatingElementHandler.java:52)
	at com.sun.proxy.$Proxy16.click(Unknown Source)
	at com.buffalocart.utilities.PageUtility.clickOnElement(PageUtility.java:29)
	at com.buffalocart.pages.UsersPage.clickOnUserProfilebutton(UsersPage.java:83)
	at com.buffalocart.test.AddUserPageTest.Verify_user_login_with_Newly_Added_User(AddUserPageTest.java:95)
	at java.util.ArrayList.forEach(ArrayList.java:1257)
	at com.intellij.rt.testng.IDEARemoteTestNG.run(IDEARemoteTestNG.java:66)
	at com.intellij.rt.testng.RemoteTestNGStarter.main(RemoteTestNGStarter.java:109)
... Removed 31 stack frames</div>
</div>
<p class="totop"><a href="#summary">back to summary</a></p>
<h2 id="m4">com.buffalocart.test.UpdateSalesCommissionAgentsPageTest:Verify_User_Can_Delete_a_Sales_Commission_Agents</h2>
<div>
<div class="stacktrace">org.openqa.selenium.ElementNotInteractableException: element not interactable
  (Session info: chrome=101.0.4951.54)
Build info: version: &apos;4.1.3&apos;, revision: &apos;7b1ebf28ef&apos;
System info: host: &apos;DESKTOP-18B12HC&apos;, ip: &apos;192.168.1.7&apos;, os.name: &apos;Windows 10&apos;, os.arch: &apos;amd64&apos;, os.version: &apos;10.0&apos;, java.version: &apos;1.8.0_202&apos;
Driver info: org.openqa.selenium.chrome.ChromeDriver
Command: [472d986751a7359b7137d9fb27467e31, sendKeysToElement {id=0f5073f5-9c1c-42f7-a7eb-358665d743ae, value=[Ljava.lang.CharSequence;@2eb6e166}]
Capabilities {acceptInsecureCerts: false, browserName: chrome, browserVersion: 101.0.4951.54, chrome: {chromedriverVersion: 101.0.4951.41 (93c720db8323..., userDataDir: C:\Users\lenovo\AppData\Loc...}, goog:chromeOptions: {debuggerAddress: localhost:56506}, javascriptEnabled: true, networkConnectionEnabled: false, pageLoadStrategy: normal, platform: WINDOWS, platformName: WINDOWS, proxy: Proxy(), se:cdp: ws://localhost:56506/devtoo..., se:cdpVersion: 101.0.4951.54, setWindowRect: true, strictFileInteractability: false, timeouts: {implicit: 0, pageLoad: 300000, script: 30000}, unhandledPromptBehavior: dismiss and notify, webauthn:extension:credBlob: true, webauthn:extension:largeBlob: true, webauthn:virtualAuthenticators: true}
Element: [[ChromeDriver: chrome on WINDOWS (472d986751a7359b7137d9fb27467e31)] -&gt; css selector: #sales_commission_agent_table_filter &gt; label &gt; input]
Session ID: 472d986751a7359b7137d9fb27467e31
	at org.openqa.selenium.remote.codec.w3c.W3CHttpResponseCodec.createException(W3CHttpResponseCodec.java:200)
	at org.openqa.selenium.remote.codec.w3c.W3CHttpResponseCodec.decode(W3CHttpResponseCodec.java:133)
	at org.openqa.selenium.remote.codec.w3c.W3CHttpResponseCodec.decode(W3CHttpResponseCodec.java:53)
	at org.openqa.selenium.remote.HttpCommandExecutor.execute(HttpCommandExecutor.java:184)
	at org.openqa.selenium.remote.service.DriverCommandExecutor.invokeExecute(DriverCommandExecutor.java:167)
	at org.openqa.selenium.remote.service.DriverCommandExecutor.execute(DriverCommandExecutor.java:142)
	at org.openqa.selenium.remote.RemoteWebDriver.execute(RemoteWebDriver.java:567)
	at org.openqa.selenium.remote.RemoteWebElement.execute(RemoteWebElement.java:251)
	at org.openqa.selenium.remote.RemoteWebElement.sendKeys(RemoteWebElement.java:107)
	at org.openqa.selenium.support.pagefactory.internal.LocatingElementHandler.invoke(LocatingElementHandler.java:52)
	at com.sun.proxy.$Proxy16.sendKeys(Unknown Source)
	at com.buffalocart.utilities.PageUtility.enterText(PageUtility.java:33)
	at com.buffalocart.pages.SalesCommissionAgentPage.enterSearchBox(SalesCommissionAgentPage.java:57)
	at com.buffalocart.test.UpdateSalesCommissionAgentsPageTest.Verify_User_Can_Delete_a_Sales_Commission_Agents(UpdateSalesCommissionAgentsPageTest.java:86)
	at java.util.ArrayList.forEach(ArrayList.java:1257)
	at com.intellij.rt.testng.IDEARemoteTestNG.run(IDEARemoteTestNG.java:66)
	at com.intellij.rt.testng.RemoteTestNGStarter.main(RemoteTestNGStarter.java:109)
... Removed 31 stack frames</div>
</div>
<p class="totop"><a href="#summary">back to summary</a></p>
<h2 id="m5">com.buffalocart.test.UserPageTest:Verify_User_Search_With_Valid_Data</h2>
<p class="totop"><a href="#summary">back to summary</a></p>
<h2 id="m6">com.buffalocart.test.EditUserPageTest:Verify_User_can_Edit_the_user_Details</h2>
<p class="totop"><a href="#summary">back to summary</a></p>
<h2 id="m7">com.buffalocart.test.LogInPageTest:verify_User_Error_Login_With_InValid_User_Credentials</h2>
<table cellspacing="0" cellpadding="0" class="result">
<tr class="param"><th>Parameter #1</th><th>Parameter #2</th></tr>
<tr class="param stripe"><td>akhil</td>
<td>123456</td>
</tr>
</table>
<p class="totop"><a href="#summary">back to summary</a></p>
<h2 id="m8">com.buffalocart.test.AddUserPageTest:Verify_Add_Users_page_title</h2>
<p class="totop"><a href="#summary">back to summary</a></p>
<h2 id="m9">com.buffalocart.test.ResetPageTest:Verify_error_meesage_displyed_on_Reset_Password_page_with_invalid_email_id</h2>
<p class="totop"><a href="#summary">back to summary</a></p>
<h2 id="m10">com.buffalocart.test.UpdateRolePageTest:Verify_User_Can_Update_a_Role</h2>
<p class="totop"><a href="#summary">back to summary</a></p>
<h2 id="m11">com.buffalocart.test.MyAccountPageTest:Verify_Whether_Useris_Navigatingto_Login_Pageby_Clickingon_Signout_Button</h2>
<p class="totop"><a href="#summary">back to summary</a></p>
<h2 id="m12">com.buffalocart.test.LogInPageTest:verify_User_Error_Login_With_InValid_User_Credentials</h2>
<table cellspacing="0" cellpadding="0" class="result">
<tr class="param"><th>Parameter #1</th><th>Parameter #2</th></tr>
<tr class="param stripe"><td>admin</td>
<td>567811</td>
</tr>
</table>
<p class="totop"><a href="#summary">back to summary</a></p>
<h2 id="m13">com.buffalocart.test.AddUserPageTest:Verify_the_error_message_displayed_without_filling_mandatory_fields_in_add_user_form</h2>
<p class="totop"><a href="#summary">back to summary</a></p>
<h2 id="m14">com.buffalocart.test.MyAccountPageTest:verify_Home_Page_Title</h2>
<p class="totop"><a href="#summary">back to summary</a></p>
<h2 id="m15">com.buffalocart.test.UserPageTest:Verify_Message_Displayedby_User_Search_With_Invalid_Data</h2>
<p class="totop"><a href="#summary">back to summary</a></p>
<h2 id="m16">com.buffalocart.test.RolesPageTest:Verify_Roles_Page_Title</h2>
<p class="totop"><a href="#summary">back to summary</a></p>
<h2 id="m17">com.buffalocart.test.RolesPageTest:Verify_Whether_the_added_role_in_Role_Page_is_Listed_in_Roles_Field_in_user_add_page</h2>
<p class="totop"><a href="#summary">back to summary</a></p>
<h2 id="m18">com.buffalocart.test.AddRolesPageTest:Verify_Add_Roles_Page_Title</h2>
<p class="totop"><a href="#summary">back to summary</a></p>
<h2 id="m19">com.buffalocart.test.LogInPageTest:verify_User_RememberMe_Checkbox_clickable</h2>
<p class="totop"><a href="#summary">back to summary</a></p>
<h2 id="m20">com.buffalocart.test.EditUserPageTest:Verify_Edit_User_page_Title</h2>
<p class="totop"><a href="#summary">back to summary</a></p>
<h2 id="m21">com.buffalocart.test.SalesCommissionAgentPageTest:Verify_Sales_Commission_Agents_page_Title</h2>
<p class="totop"><a href="#summary">back to summary</a></p>
<h2 id="m22">com.buffalocart.test.UpdateSalesCommissionAgentsPageTest:Verify_Edit_Sales_Agent_Details</h2>
<p class="totop"><a href="#summary">back to summary</a></p>
<h2 id="m23">com.buffalocart.test.LogInPageTest:verify_Login_Page_Title</h2>
<p class="totop"><a href="#summary">back to summary</a></p>
<h2 id="m24">com.buffalocart.test.UserPageTest:verify_Users_Page_Title</h2>
<p class="totop"><a href="#summary">back to summary</a></p>
<h2 id="m25">com.buffalocart.test.LogInPageTest:verify_User_Error_Login_With_InValid_User_Credentials</h2>
<table cellspacing="0" cellpadding="0" class="result">
<tr class="param"><th>Parameter #1</th><th>Parameter #2</th></tr>
<tr class="param stripe"><td>akhil</td>
<td>563782</td>
</tr>
</table>
<p class="totop"><a href="#summary">back to summary</a></p>
<h2 id="m26">com.buffalocart.test.AddSalesCommissionAgentPageTest:Verify_User_can_Add_Sales_Agent</h2>
<p class="totop"><a href="#summary">back to summary</a></p>
<h2 id="m27">com.buffalocart.test.MyAccountPageTest:Verify_Date_Displeyed_In_Home_Page</h2>
<p class="totop"><a href="#summary">back to summary</a></p>
<h2 id="m28">com.buffalocart.test.LogInPageTest:verify_User_Login_With_Valid_User_Credentials</h2>
<p class="totop"><a href="#summary">back to summary</a></p>
<h2 id="m29">com.buffalocart.test.MyAccountPageTest:Verify_The_Usermangement_Sub_Tabs</h2>
<p class="totop"><a href="#summary">back to summary</a></p>
<h2 id="m30">com.buffalocart.test.AddUserPageTest:Verify_User_can_Add_User_Details</h2>
<p class="totop"><a href="#summary">back to summary</a></p>
<h2 id="m31">com.buffalocart.test.EditUserPageTest:Verify_User_Can_Delete_a_User</h2>
<p class="totop"><a href="#summary">back to summary</a></p>
<h2 id="m32">com.buffalocart.test.UpdateRolePageTest:Verify_Edit_Role_Page_Title</h2>
<p class="totop"><a href="#summary">back to summary</a></p>
</body></html>
